ARM GAS  /tmp/ccPO1rao.s 			page 1


   1              		.syntax unified
   2              		.cpu cortex-m3
   3              		.fpu softvfp
   4              		.eabi_attribute 20, 1
   5              		.eabi_attribute 21, 1
   6              		.eabi_attribute 23, 3
   7              		.eabi_attribute 24, 1
   8              		.eabi_attribute 25, 1
   9              		.eabi_attribute 26, 1
  10              		.eabi_attribute 30, 1
  11              		.eabi_attribute 34, 1
  12              		.eabi_attribute 18, 4
  13              		.thumb
  14              		.file	"control.c"
  15              		.text
  16              	.Ltext0:
  17              		.cfi_sections	.debug_frame
  18              		.section	.text.Nunchuck_Init,"ax",%progbits
  19              		.align	2
  20              		.global	Nunchuck_Init
  21              		.thumb
  22              		.thumb_func
  24              	Nunchuck_Init:
  25              	.LFB63:
  26              		.file 1 "Src/control.c"
   1:Src/control.c **** 
   2:Src/control.c **** #include "stm32f1xx_hal.h"
   3:Src/control.c **** #include "defines.h"
   4:Src/control.c **** #include "setup.h"
   5:Src/control.c **** #include "config.h"
   6:Src/control.c **** #include <stdbool.h>
   7:Src/control.c **** #include <string.h>
   8:Src/control.c **** 
   9:Src/control.c **** TIM_HandleTypeDef TimHandle;
  10:Src/control.c **** uint8_t ppm_count = 0;
  11:Src/control.c **** uint32_t timeout = 100;
  12:Src/control.c **** uint8_t nunchuck_data[6] = {0};
  13:Src/control.c **** 
  14:Src/control.c **** uint8_t i2cBuffer[2];
  15:Src/control.c **** 
  16:Src/control.c **** extern I2C_HandleTypeDef hi2c2;
  17:Src/control.c **** DMA_HandleTypeDef hdma_i2c2_rx;
  18:Src/control.c **** DMA_HandleTypeDef hdma_i2c2_tx;
  19:Src/control.c **** 
  20:Src/control.c **** #ifdef CONTROL_PPM
  21:Src/control.c **** uint16_t ppm_captured_value[PPM_NUM_CHANNELS + 1] = {500, 500};
  22:Src/control.c **** uint16_t ppm_captured_value_buffer[PPM_NUM_CHANNELS+1] = {500, 500};
  23:Src/control.c **** uint32_t ppm_timeout = 0;
  24:Src/control.c **** 
  25:Src/control.c **** bool ppm_valid = true;
  26:Src/control.c **** 
  27:Src/control.c **** #define IN_RANGE(x, low, up) (((x) >= (low)) && ((x) <= (up)))
  28:Src/control.c **** 
  29:Src/control.c **** void PPM_ISR_Callback() {
  30:Src/control.c ****   // Dummy loop with 16 bit count wrap around
  31:Src/control.c ****   uint16_t rc_delay = TIM2->CNT;
  32:Src/control.c ****   TIM2->CNT = 0;
ARM GAS  /tmp/ccPO1rao.s 			page 2


  33:Src/control.c **** 
  34:Src/control.c ****   if (rc_delay > 3000) {
  35:Src/control.c ****     if (ppm_valid && ppm_count == PPM_NUM_CHANNELS) {
  36:Src/control.c ****       ppm_timeout = 0;
  37:Src/control.c ****       memcpy(ppm_captured_value, ppm_captured_value_buffer, sizeof(ppm_captured_value));
  38:Src/control.c ****     }
  39:Src/control.c ****     ppm_valid = true;
  40:Src/control.c ****     ppm_count = 0;
  41:Src/control.c ****   }
  42:Src/control.c ****   else if (ppm_count < PPM_NUM_CHANNELS && IN_RANGE(rc_delay, 900, 2100)){
  43:Src/control.c ****     timeout = 0;
  44:Src/control.c ****     ppm_captured_value_buffer[ppm_count++] = CLAMP(rc_delay, 1000, 2000) - 1000;
  45:Src/control.c ****   } else {
  46:Src/control.c ****     ppm_valid = false;
  47:Src/control.c ****   }
  48:Src/control.c **** }
  49:Src/control.c **** 
  50:Src/control.c **** // SysTick executes once each ms
  51:Src/control.c **** void PPM_SysTick_Callback() {
  52:Src/control.c ****   ppm_timeout++;
  53:Src/control.c ****   // Stop after 500 ms without PPM signal
  54:Src/control.c ****   if(ppm_timeout > 500) {
  55:Src/control.c ****     int i;
  56:Src/control.c ****     for(i = 0; i < PPM_NUM_CHANNELS; i++) {
  57:Src/control.c ****       ppm_captured_value[i] = 500;
  58:Src/control.c ****     }
  59:Src/control.c ****     ppm_timeout = 0;
  60:Src/control.c ****   }
  61:Src/control.c **** }
  62:Src/control.c **** 
  63:Src/control.c **** void PPM_Init() {
  64:Src/control.c ****   GPIO_InitTypeDef GPIO_InitStruct;
  65:Src/control.c ****   /*Configure GPIO pin : PA3 */
  66:Src/control.c ****   GPIO_InitStruct.Pin = GPIO_PIN_3;
  67:Src/control.c ****   GPIO_InitStruct.Mode = GPIO_MODE_IT_FALLING;
  68:Src/control.c ****   GPIO_InitStruct.Speed = GPIO_SPEED_FREQ_HIGH;
  69:Src/control.c ****   GPIO_InitStruct.Pull = GPIO_PULLDOWN;
  70:Src/control.c ****   HAL_GPIO_Init(GPIOA, &GPIO_InitStruct);
  71:Src/control.c **** 
  72:Src/control.c ****   __HAL_RCC_TIM2_CLK_ENABLE();
  73:Src/control.c ****   TimHandle.Instance = TIM2;
  74:Src/control.c ****   TimHandle.Init.Period = UINT16_MAX;
  75:Src/control.c ****   TimHandle.Init.Prescaler = (SystemCoreClock/DELAY_TIM_FREQUENCY_US)-1;;
  76:Src/control.c ****   TimHandle.Init.ClockDivision = 0;
  77:Src/control.c ****   TimHandle.Init.CounterMode = TIM_COUNTERMODE_UP;
  78:Src/control.c ****   HAL_TIM_Base_Init(&TimHandle);
  79:Src/control.c **** 
  80:Src/control.c ****   /* EXTI interrupt init*/
  81:Src/control.c ****   HAL_NVIC_SetPriority(EXTI3_IRQn, 0, 0);
  82:Src/control.c ****   HAL_NVIC_EnableIRQ(EXTI3_IRQn);
  83:Src/control.c ****   HAL_TIM_Base_Start(&TimHandle);
  84:Src/control.c **** }
  85:Src/control.c **** #endif
  86:Src/control.c **** 
  87:Src/control.c **** void Nunchuck_Init() {
  27              		.loc 1 87 0
  28              		.cfi_startproc
ARM GAS  /tmp/ccPO1rao.s 			page 3


  29              		@ args = 0, pretend = 0, frame = 0
  30              		@ frame_needed = 0, uses_anonymous_args = 0
  31 0000 70B5     		push	{r4, r5, r6, lr}
  32              	.LCFI0:
  33              		.cfi_def_cfa_offset 16
  34              		.cfi_offset 4, -16
  35              		.cfi_offset 5, -12
  36              		.cfi_offset 6, -8
  37              		.cfi_offset 14, -4
  38 0002 82B0     		sub	sp, sp, #8
  39              	.LCFI1:
  40              		.cfi_def_cfa_offset 24
  88:Src/control.c ****     //-- START -- init WiiNunchuck
  89:Src/control.c ****   i2cBuffer[0] = 0xF0;
  41              		.loc 1 89 0
  42 0004 104C     		ldr	r4, .L3
  43 0006 F023     		movs	r3, #240
  44 0008 2370     		strb	r3, [r4]
  90:Src/control.c ****   i2cBuffer[1] = 0x55;
  45              		.loc 1 90 0
  46 000a 5523     		movs	r3, #85
  47 000c 6370     		strb	r3, [r4, #1]
  91:Src/control.c **** 
  92:Src/control.c ****   HAL_I2C_Master_Transmit(&hi2c2,0xA4,(uint8_t*)i2cBuffer, 2, 100);
  48              		.loc 1 92 0
  49 000e 0F4D     		ldr	r5, .L3+4
  50 0010 6426     		movs	r6, #100
  51 0012 0096     		str	r6, [sp]
  52 0014 2846     		mov	r0, r5
  53 0016 A421     		movs	r1, #164
  54 0018 2246     		mov	r2, r4
  55 001a 0223     		movs	r3, #2
  56 001c FFF7FEFF 		bl	HAL_I2C_Master_Transmit
  57              	.LVL0:
  93:Src/control.c ****   HAL_Delay(10);
  58              		.loc 1 93 0
  59 0020 0A20     		movs	r0, #10
  60 0022 FFF7FEFF 		bl	HAL_Delay
  61              	.LVL1:
  94:Src/control.c **** 
  95:Src/control.c ****   i2cBuffer[0] = 0xFB;
  62              		.loc 1 95 0
  63 0026 FB23     		movs	r3, #251
  64 0028 2370     		strb	r3, [r4]
  96:Src/control.c ****   i2cBuffer[1] = 0x00;
  65              		.loc 1 96 0
  66 002a 0023     		movs	r3, #0
  67 002c 6370     		strb	r3, [r4, #1]
  97:Src/control.c **** 
  98:Src/control.c ****   HAL_I2C_Master_Transmit(&hi2c2,0xA4,(uint8_t*)i2cBuffer, 2, 100);
  68              		.loc 1 98 0
  69 002e 0096     		str	r6, [sp]
  70 0030 2846     		mov	r0, r5
  71 0032 A421     		movs	r1, #164
  72 0034 2246     		mov	r2, r4
  73 0036 0223     		movs	r3, #2
  74 0038 FFF7FEFF 		bl	HAL_I2C_Master_Transmit
ARM GAS  /tmp/ccPO1rao.s 			page 4


  75              	.LVL2:
  99:Src/control.c ****   HAL_Delay(10);
  76              		.loc 1 99 0
  77 003c 0A20     		movs	r0, #10
  78 003e FFF7FEFF 		bl	HAL_Delay
  79              	.LVL3:
 100:Src/control.c **** }
  80              		.loc 1 100 0
  81 0042 02B0     		add	sp, sp, #8
  82              	.LCFI2:
  83              		.cfi_def_cfa_offset 16
  84              		@ sp needed
  85 0044 70BD     		pop	{r4, r5, r6, pc}
  86              	.L4:
  87 0046 00BF     		.align	2
  88              	.L3:
  89 0048 00000000 		.word	i2cBuffer
  90 004c 00000000 		.word	hi2c2
  91              		.cfi_endproc
  92              	.LFE63:
  94              		.section	.text.Nunchuck_Read,"ax",%progbits
  95              		.align	2
  96              		.global	Nunchuck_Read
  97              		.thumb
  98              		.thumb_func
 100              	Nunchuck_Read:
 101              	.LFB64:
 101:Src/control.c **** 
 102:Src/control.c **** void Nunchuck_Read() {
 102              		.loc 1 102 0
 103              		.cfi_startproc
 104              		@ args = 0, pretend = 0, frame = 0
 105              		@ frame_needed = 0, uses_anonymous_args = 0
 106 0000 30B5     		push	{r4, r5, lr}
 107              	.LCFI3:
 108              		.cfi_def_cfa_offset 12
 109              		.cfi_offset 4, -12
 110              		.cfi_offset 5, -8
 111              		.cfi_offset 14, -4
 112 0002 83B0     		sub	sp, sp, #12
 113              	.LCFI4:
 114              		.cfi_def_cfa_offset 24
 103:Src/control.c ****   i2cBuffer[0] = 0x00;
 115              		.loc 1 103 0
 116 0004 144A     		ldr	r2, .L10
 117 0006 0023     		movs	r3, #0
 118 0008 1370     		strb	r3, [r2]
 104:Src/control.c ****   HAL_I2C_Master_Transmit(&hi2c2,0xA4,(uint8_t*)i2cBuffer, 1, 100);
 119              		.loc 1 104 0
 120 000a 144C     		ldr	r4, .L10+4
 121 000c 6425     		movs	r5, #100
 122 000e 0095     		str	r5, [sp]
 123 0010 2046     		mov	r0, r4
 124 0012 A421     		movs	r1, #164
 125 0014 0123     		movs	r3, #1
 126 0016 FFF7FEFF 		bl	HAL_I2C_Master_Transmit
 127              	.LVL4:
ARM GAS  /tmp/ccPO1rao.s 			page 5


 105:Src/control.c ****   HAL_Delay(5);
 128              		.loc 1 105 0
 129 001a 0520     		movs	r0, #5
 130 001c FFF7FEFF 		bl	HAL_Delay
 131              	.LVL5:
 106:Src/control.c ****   if (HAL_I2C_Master_Receive(&hi2c2,0xA4,(uint8_t*)nunchuck_data, 6, 100) == HAL_OK) {
 132              		.loc 1 106 0
 133 0020 0095     		str	r5, [sp]
 134 0022 2046     		mov	r0, r4
 135 0024 A421     		movs	r1, #164
 136 0026 0E4A     		ldr	r2, .L10+8
 137 0028 0623     		movs	r3, #6
 138 002a FFF7FEFF 		bl	HAL_I2C_Master_Receive
 139              	.LVL6:
 140 002e 18B9     		cbnz	r0, .L6
 107:Src/control.c ****     timeout = 0;
 141              		.loc 1 107 0
 142 0030 0022     		movs	r2, #0
 143 0032 0C4B     		ldr	r3, .L10+12
 144 0034 1A60     		str	r2, [r3]
 145 0036 03E0     		b	.L7
 146              	.L6:
 108:Src/control.c ****   } else {
 109:Src/control.c ****     timeout++;
 147              		.loc 1 109 0
 148 0038 0A4A     		ldr	r2, .L10+12
 149 003a 1368     		ldr	r3, [r2]
 150 003c 0133     		adds	r3, r3, #1
 151 003e 1360     		str	r3, [r2]
 152              	.L7:
 110:Src/control.c ****   }
 111:Src/control.c **** 
 112:Src/control.c ****   if (timeout > 3) {
 153              		.loc 1 112 0
 154 0040 084B     		ldr	r3, .L10+12
 155 0042 1B68     		ldr	r3, [r3]
 156 0044 032B     		cmp	r3, #3
 157 0046 04D9     		bls	.L5
 113:Src/control.c ****     HAL_Delay(50);
 158              		.loc 1 113 0
 159 0048 3220     		movs	r0, #50
 160 004a FFF7FEFF 		bl	HAL_Delay
 161              	.LVL7:
 114:Src/control.c ****     Nunchuck_Init();
 162              		.loc 1 114 0
 163 004e FFF7FEFF 		bl	Nunchuck_Init
 164              	.LVL8:
 165              	.L5:
 115:Src/control.c ****   }
 116:Src/control.c **** 
 117:Src/control.c ****   //setScopeChannel(0, (int)nunchuck_data[0]);
 118:Src/control.c ****   //setScopeChannel(1, (int)nunchuck_data[1]);
 119:Src/control.c ****   //setScopeChannel(2, (int)nunchuck_data[5] & 1);
 120:Src/control.c ****   //setScopeChannel(3, ((int)nunchuck_data[5] >> 1) & 1);
 121:Src/control.c **** }
 166              		.loc 1 121 0
 167 0052 03B0     		add	sp, sp, #12
ARM GAS  /tmp/ccPO1rao.s 			page 6


 168              	.LCFI5:
 169              		.cfi_def_cfa_offset 12
 170              		@ sp needed
 171 0054 30BD     		pop	{r4, r5, pc}
 172              	.L11:
 173 0056 00BF     		.align	2
 174              	.L10:
 175 0058 00000000 		.word	i2cBuffer
 176 005c 00000000 		.word	hi2c2
 177 0060 00000000 		.word	.LANCHOR0
 178 0064 00000000 		.word	.LANCHOR1
 179              		.cfi_endproc
 180              	.LFE64:
 182              		.comm	hdma_i2c2_tx,68,4
 183              		.comm	hdma_i2c2_rx,68,4
 184              		.comm	i2cBuffer,2,4
 185              		.global	nunchuck_data
 186              		.global	timeout
 187              		.global	ppm_count
 188              		.comm	TimHandle,64,4
 189              		.section	.data.timeout,"aw",%progbits
 190              		.align	2
 191              		.set	.LANCHOR1,. + 0
 194              	timeout:
 195 0000 64000000 		.word	100
 196              		.section	.bss.nunchuck_data,"aw",%nobits
 197              		.align	2
 198              		.set	.LANCHOR0,. + 0
 201              	nunchuck_data:
 202 0000 00000000 		.space	6
 202      0000
 203              		.section	.bss.ppm_count,"aw",%nobits
 206              	ppm_count:
 207 0000 00       		.space	1
 208              		.text
 209              	.Letext0:
 210              		.file 2 "/usr/arm-none-eabi/include/machine/_default_types.h"
 211              		.file 3 "/usr/arm-none-eabi/include/sys/_stdint.h"
 212              		.file 4 "Drivers/CMSIS/Device/ST/STM32F1xx/Include/stm32f103xe.h"
 213              		.file 5 "Drivers/STM32F1xx_HAL_Driver/Inc/stm32f1xx_hal_def.h"
 214              		.file 6 "Drivers/STM32F1xx_HAL_Driver/Inc/stm32f1xx_hal_dma.h"
 215              		.file 7 "Drivers/STM32F1xx_HAL_Driver/Inc/stm32f1xx_hal_i2c.h"
 216              		.file 8 "Drivers/STM32F1xx_HAL_Driver/Inc/stm32f1xx_hal_tim.h"
 217              		.file 9 "Drivers/CMSIS/Include/core_cm3.h"
 218              		.file 10 "Drivers/STM32F1xx_HAL_Driver/Inc/stm32f1xx_hal.h"
ARM GAS  /tmp/ccPO1rao.s 			page 7


DEFINED SYMBOLS
                            *ABS*:0000000000000000 control.c
     /tmp/ccPO1rao.s:19     .text.Nunchuck_Init:0000000000000000 $t
     /tmp/ccPO1rao.s:24     .text.Nunchuck_Init:0000000000000000 Nunchuck_Init
     /tmp/ccPO1rao.s:89     .text.Nunchuck_Init:0000000000000048 $d
                            *COM*:0000000000000002 i2cBuffer
     /tmp/ccPO1rao.s:95     .text.Nunchuck_Read:0000000000000000 $t
     /tmp/ccPO1rao.s:100    .text.Nunchuck_Read:0000000000000000 Nunchuck_Read
     /tmp/ccPO1rao.s:175    .text.Nunchuck_Read:0000000000000058 $d
                            *COM*:0000000000000044 hdma_i2c2_tx
                            *COM*:0000000000000044 hdma_i2c2_rx
     /tmp/ccPO1rao.s:201    .bss.nunchuck_data:0000000000000000 nunchuck_data
     /tmp/ccPO1rao.s:194    .data.timeout:0000000000000000 timeout
     /tmp/ccPO1rao.s:206    .bss.ppm_count:0000000000000000 ppm_count
                            *COM*:0000000000000040 TimHandle
     /tmp/ccPO1rao.s:190    .data.timeout:0000000000000000 $d
     /tmp/ccPO1rao.s:197    .bss.nunchuck_data:0000000000000000 $d
     /tmp/ccPO1rao.s:207    .bss.ppm_count:0000000000000000 $d
                     .debug_frame:0000000000000010 $d

UNDEFINED SYMBOLS
HAL_I2C_Master_Transmit
HAL_Delay
hi2c2
HAL_I2C_Master_Receive
